<?xml version="1.0" encoding="UTF-8"?>
<!-- Generated by org.testng.reporters.JUnitXMLReporter -->
<testsuite ignored="0" hostname="DESKTOP-MESIN5L" failures="1" tests="4" name="Error Validation Test" time="89.954" errors="0" timestamp="2022-11-13T04:40:41 PST">
  <testcase classname="Tests.ErrorvalidationTest" name="Errorproduct" time="13.574"/>
  <testcase classname="Tests.ErrorvalidationTest" name="loginError" time="1.039">
    <skipped/>
  </testcase> <!-- loginError -->
  <testcase classname="Tests.ErrorvalidationTest" name="loginError" time="0.887">
    <skipped/>
  </testcase> <!-- loginError -->
  <testcase classname="Tests.ErrorvalidationTest" name="loginError" time="0.665">
    <failure type="java.lang.AssertionError" message="expected [Incorrect email or password.] but found [Incorrect email  password.]">
      <![CDATA[java.lang.AssertionError: expected [Incorrect email or password.] but found [Incorrect email  password.]
at Tests.ErrorvalidationTest.loginError(ErrorvalidationTest.java:26)
at java.base/java.util.ArrayList.forEach(ArrayList.java:1511)
at java.base/java.util.concurrent.FutureTask.run(FutureTask.java:264)
at java.base/java.util.concurrent.ThreadPoolExecutor.runWorker(ThreadPoolExecutor.java:1136)
at java.base/java.util.concurrent.ThreadPoolExecutor$Worker.run(ThreadPoolExecutor.java:635)
at java.base/java.lang.Thread.run(Thread.java:833)
... Removed 24 stack frames]]>
    </failure>
  </testcase> <!-- loginError -->
</testsuite> <!-- Error Validation Test -->
