<?xml version="1.0" encoding="UTF-8"?>
<!-- Generated by org.testng.reporters.JUnitXMLReporter -->
<testsuite ignored="0" hostname="DESKTOP-MESIN5L" failures="1" tests="4" name="Error Validation Test" time="230.144" errors="0" timestamp="13 Nov 2022 13:21:57 GMT">
  <testcase classname="Tests.ErrorvalidationTest" name="Errorproduct" time="6.151"/>
  <testcase classname="Tests.ErrorvalidationTest" name="loginError" time="1.348">
    <skipped/>
  </testcase> <!-- loginError -->
  <testcase classname="Tests.ErrorvalidationTest" name="loginError" time="1.062">
    <skipped/>
  </testcase> <!-- loginError -->
  <testcase classname="Tests.ErrorvalidationTest" name="loginError" time="0.703">
    <failure type="java.lang.AssertionError" message="expected [Incorrect email or password.] but found [Incorrect email  password.]">
      <![CDATA[java.lang.AssertionError: expected [Incorrect email or password.] but found [Incorrect email  password.]
at Tests.ErrorvalidationTest.loginError(ErrorvalidationTest.java:26)
at java.base/java.util.concurrent.FutureTask.run(FutureTask.java:264)
at java.base/java.util.concurrent.ThreadPoolExecutor.runWorker(ThreadPoolExecutor.java:1128)
at java.base/java.util.concurrent.ThreadPoolExecutor$Worker.run(ThreadPoolExecutor.java:628)
at java.base/java.lang.Thread.run(Thread.java:834)
... Removed 22 stack frames]]>
    </failure>
  </testcase> <!-- loginError -->
</testsuite> <!-- Error Validation Test -->
